2025-10-28 15:47:13, MOVE, v:1, k:poo@chinela, mode:PICK
2025-10-28 15:47:15, EXEC, v:1, k:poo@chinela, mode:LOCK, rate:0
2025-10-28 15:47:33, MOVE, v:1, k:poo@chinela, mode:BACK
2025-10-28 15:48:07, MOVE, v:1, k:poo@motoca, mode:DOWN
2025-10-28 15:49:15, MOVE, v:1, k:poo@motoca, mode:PICK
2025-10-28 15:49:21, EXEC, v:1, k:poo@motoca, mode:FULL, rate:100, size:129
2025-10-28 16:02:51, MOVE, v:1, k:poo@motoca, mode:BACK
2025-10-28 16:03:46, SELF, v:1, k:poo@motoca, rate:100, human:fiz_com_um_amigo_na_maquina_dele, alone:9, study:110
2025-10-28 16:03:55, MOVE, v:1, k:poo@grafite, mode:DOWN
2025-10-28 16:04:32, MOVE, v:1, k:poo@grafite, mode:PICK
2025-10-28 16:04:35, EXEC, v:1, k:poo@grafite, mode:FULL, rate:100, size:109
2025-10-28 16:04:37, MOVE, v:1, k:poo@grafite, mode:BACK
2025-10-28 16:05:11, SELF, v:1, k:poo@grafite, rate:100, human:fiz_junto_de_um_amigo, alone:10, study:60
2025-10-28 16:05:15, MOVE, v:1, k:poo@motoca, mode:PICK
2025-10-28 16:05:17, MOVE, v:1, k:poo@motoca, mode:BACK
2025-10-28 16:05:24, SELF, v:1, k:poo@motoca, rate:100, human:fiz_com_um_amigo_na_maquina_dele, alone:9, study:80
2025-10-28 16:05:36, MOVE, v:1, k:poo@motouber, mode:DOWN
2025-10-28 16:06:09, MOVE, v:1, k:poo@motouber, mode:PICK
2025-10-28 16:06:11, EXEC, v:1, k:poo@motouber, mode:FULL, rate:100, size:122
2025-10-28 16:06:13, MOVE, v:1, k:poo@motouber, mode:BACK
2025-10-28 16:06:37, SELF, v:1, k:poo@motouber, rate:100, human:fiz_com_um_amigo, alone:10, study:50
2025-10-28 16:06:40, MOVE, v:1, k:poo@notebook, mode:DOWN
2025-10-28 16:07:19, MOVE, v:1, k:poo@notebook, mode:PICK
2025-10-28 16:07:21, EXEC, v:1, k:poo@notebook, mode:LOCK, rate:0, size:153
2025-10-28 16:07:28, MOVE, v:1, k:poo@notebook, mode:BACK
2025-10-28 16:07:50, SELF, v:1, k:poo@notebook, rate:100, human:fiz_junto_com_um_amigo, alone:10, study:120
2025-10-28 16:08:32, MOVE, v:1, k:poo@charger, mode:DOWN
2025-10-28 16:08:48, MOVE, v:1, k:poo@charger, mode:PICK
2025-10-28 16:08:50, EXEC, v:1, k:poo@charger, mode:FULL, rate:100, size:210
2025-10-28 16:08:52, MOVE, v:1, k:poo@charger, mode:BACK
2025-10-28 16:09:08, SELF, v:1, k:poo@charger, rate:100, human:fiz_com_um_amigo, alone:10, study:80
2025-10-28 16:09:10, MOVE, v:1, k:poo@tamagotchi, mode:DOWN
2025-10-28 16:09:51, MOVE, v:1, k:poo@tamagotchi, mode:PICK
2025-10-28 16:09:52, EXEC, v:1, k:poo@tamagotchi, mode:FULL, rate:100, size:145
2025-10-28 16:10:00, MOVE, v:1, k:poo@tamagotchi, mode:BACK
2025-10-28 16:10:18, SELF, v:1, k:poo@tamagotchi, rate:100, human:fiz_junto_do_meu_amigo, alone:10, study:90
2025-10-28 16:10:28, MOVE, v:1, k:poo@motoca, mode:PICK
2025-10-28 16:10:30, MOVE, v:1, k:poo@motoca, mode:BACK
2025-10-28 16:10:55, MOVE, v:1, k:poo@motoca, mode:PICK
2025-10-28 16:10:58, MOVE, v:1, k:poo@motoca, mode:BACK
2025-10-28 16:11:17, SELF, v:1, k:poo@motoca, rate:100, human:fiz_com_um_amigo_na_maquina_dele, alone:10, study:80
2025-10-28 16:11:26, MOVE, v:1, k:poo@chinela, mode:PICK
2025-10-28 16:11:28, MOVE, v:1, k:poo@chinela, mode:BACK
2025-10-28 16:11:42, SELF, v:1, k:poo@chinela, rate:100, human:ajuda_do_amigo, alone:10, study:50
2025-10-28 16:11:53, MOVE, v:1, k:poo@chinela, mode:PICK
2025-10-28 16:11:55, MOVE, v:1, k:poo@chinela, mode:BACK
